[0mUsing PICO_SDK_PATH from environment ('/home/taschnell/pico-sdk')[0m
[0mPICO_SDK_PATH is /home/taschnell/pico-sdk[0m
[0mDefaulting PICO_PLATFORM to rp2040 since not specified.[0m
-- Defaulting build type to 'Release' since not specified.
[0mDefaulting PICO platform compiler to pico_arm_gcc since not specified.[0m
[0mPICO compiler is pico_arm_gcc[0m
-- The C compiler identification is GNU 9.3.1
-- The CXX compiler identification is GNU 9.3.1
-- The ASM compiler identification is GNU
-- Found assembler: /opt/gcc-arm-none-eabi-9-2020-q2-update/bin/arm-none-eabi-gcc
-- Detecting C compiler ABI info
-- Detecting C compiler ABI info - done
-- Check for working C compiler: /opt/gcc-arm-none-eabi-9-2020-q2-update/bin/arm-none-eabi-gcc - skipped
-- Detecting C compile features
-- Detecting C compile features - done
-- Detecting CXX compiler ABI info
-- Detecting CXX compiler ABI info - done
-- Check for working CXX compiler: /opt/gcc-arm-none-eabi-9-2020-q2-update/bin/arm-none-eabi-g++ - skipped
-- Detecting CXX compile features
-- Detecting CXX compile features - done
[0mBuild type is Release[0m
[0mDefaulting PICO target board to pico since not specified.[0m
[0mUsing board configuration from /home/taschnell/pico-sdk/src/boards/include/boards/pico.h[0m
-- Found Python3: /usr/bin/python3 (found version "3.12.3") found components: Interpreter 
[0mTinyUSB available at /home/taschnell/pico-sdk/lib/tinyusb/src/portable/raspberrypi/rp2040; enabling build support for USB.[0m
[0mBTstack available at /home/taschnell/pico-sdk/lib/btstack[0m
[0mcyw43-driver available at /home/taschnell/pico-sdk/lib/cyw43-driver[0m
[0mPico W Bluetooth build support available.[0m
[0mlwIP available at /home/taschnell/pico-sdk/lib/lwip[0m
[0mmbedtls available at /home/taschnell/pico-sdk/lib/mbedtls[0m
-- Configuring done (0.7s)
-- Generating done (0.0s)
-- Build files have been written to: /home/taschnell/piplane-microros/src/piplane/build/piplane
[  1%] [34m[1mCreating directories for 'PioasmBuild'[0m
[  2%] [32mBuilding ASM object pico-sdk/src/rp2_common/boot_stage2/CMakeFiles/bs2_default.dir/compile_time_choice.S.obj[0m
[  4%] [34m[1mCreating directories for 'ELF2UF2Build'[0m
[  5%] [32m[1mLinking ASM executable bs2_default.elf[0m
[  7%] [34m[1mNo download step for 'PioasmBuild'[0m
[  8%] [34m[1mNo download step for 'ELF2UF2Build'[0m
[  8%] Built target bs2_default
[  9%] [34m[1mNo update step for 'PioasmBuild'[0m
[ 11%] [34m[1mNo update step for 'ELF2UF2Build'[0m
[ 12%] [34m[1mGenerating bs2_default.bin[0m
[ 14%] [34m[1mNo patch step for 'PioasmBuild'[0m
[ 15%] [34m[1mNo patch step for 'ELF2UF2Build'[0m
[ 16%] [34m[1mGenerating bs2_default_padded_checksummed.S[0m
[ 18%] [34m[1mPerforming configure step for 'ELF2UF2Build'[0m
[ 19%] [34m[1mPerforming configure step for 'PioasmBuild'[0m
loading initial cache file /home/taschnell/piplane-microros/src/piplane/build/piplane/pico-sdk/src/rp2_common/tinyusb/pioasm/tmp/PioasmBuild-cache-Release.cmake
[0mCMake Deprecation Warning at CMakeLists.txt:1 (cmake_minimum_required):
  Compatibility with CMake < 3.5 will be removed from a future version of
  CMake.

  Update the VERSION argument <min> value or use a ...<max> suffix to tell
  CMake that the project does not need compatibility with older versions.

[0m
[ 19%] Built target bs2_default_padded_checksummed_asm
-- The C compiler identification is GNU 13.2.0
-- The CXX compiler identification is GNU 13.2.0
-- Detecting CXX compiler ABI info
-- The CXX compiler identification is GNU 13.2.0
-- Detecting C compiler ABI info
-- Detecting CXX compiler ABI info - done
-- Check for working CXX compiler: /usr/bin/c++ - skipped
-- Detecting CXX compile features
-- Detecting CXX compile features - done
-- Configuring done (0.2s)
-- Generating done (0.0s)
-- Build files have been written to: /home/taschnell/piplane-microros/src/piplane/build/piplane/pioasm
[ 21%] [34m[1mPerforming build step for 'PioasmBuild'[0m
-- Detecting C compiler ABI info - done
-- Check for working C compiler: /usr/bin/cc - skipped
-- Detecting C compile features
-- Detecting C compile features - done
-- Detecting CXX compiler ABI info
[ 30%] [32mBuilding CXX object CMakeFiles/pioasm.dir/main.cpp.o[0m
[ 30%] [32mBuilding CXX object CMakeFiles/pioasm.dir/pio_assembler.cpp.o[0m
[ 30%] [32mBuilding CXX object CMakeFiles/pioasm.dir/gen/lexer.cpp.o[0m
[ 50%] [32mBuilding CXX object CMakeFiles/pioasm.dir/pio_disassembler.cpp.o[0m
[ 50%] [32mBuilding CXX object CMakeFiles/pioasm.dir/c_sdk_output.cpp.o[0m
[ 70%] [32mBuilding CXX object CMakeFiles/pioasm.dir/python_output.cpp.o[0m
[ 70%] [32mBuilding CXX object CMakeFiles/pioasm.dir/gen/parser.cpp.o[0m
[ 80%] [32mBuilding CXX object CMakeFiles/pioasm.dir/hex_output.cpp.o[0m
[ 90%] [32mBuilding CXX object CMakeFiles/pioasm.dir/ada_output.cpp.o[0m
-- Detecting CXX compiler ABI info - done
-- Check for working CXX compiler: /usr/bin/c++ - skipped
-- Detecting CXX compile features
-- Detecting CXX compile features - done
-- Configuring done (0.4s)
-- Generating done (0.0s)
-- Build files have been written to: /home/taschnell/piplane-microros/src/piplane/build/piplane/elf2uf2
[ 22%] [34m[1mPerforming build step for 'ELF2UF2Build'[0m
[ 50%] [32mBuilding CXX object CMakeFiles/elf2uf2.dir/main.cpp.o[0m
[100%] [32m[1mLinking CXX executable elf2uf2[0m
[100%] Built target elf2uf2
[ 23%] [34m[1mNo install step for 'ELF2UF2Build'[0m
[ 25%] [34m[1mCompleted 'ELF2UF2Build'[0m
[ 25%] Built target ELF2UF2Build
[ 26%] [32mBuilding C object CMakeFiles/piplane.dir/dshot.c.obj[0m
[ 30%] [32mBuilding C object CMakeFiles/piplane.dir/pio_loader.c.obj[0m
[ 30%] [32mBuilding C object CMakeFiles/piplane.dir/home/taschnell/pico-sdk/src/rp2_common/pico_stdlib/stdlib.c.obj[0m
[ 40%] [32mBuilding C object CMakeFiles/piplane.dir/pico_uart_transport.c.obj[0m
[ 40%] [32mBuilding C object CMakeFiles/piplane.dir/home/taschnell/pico-sdk/src/common/pico_sync/lock_core.c.obj[0m
[ 40%] [32mBuilding C object CMakeFiles/piplane.dir/home/taschnell/pico-sdk/src/common/pico_sync/critical_section.c.obj[0m
[ 40%] [32mBuilding C object CMakeFiles/piplane.dir/home/taschnell/pico-sdk/src/rp2_common/hardware_sync/sync.c.obj[0m
[ 32%] [32mBuilding C object CMakeFiles/piplane.dir/piplane.c.obj[0m
[ 39%] [32mBuilding ASM object CMakeFiles/piplane.dir/home/taschnell/pico-sdk/src/rp2_common/hardware_irq/irq_handler_chain.S.obj[0m
[ 42%] [32mBuilding C object CMakeFiles/piplane.dir/home/taschnell/pico-sdk/src/rp2_common/pico_platform/platform.c.obj[0m
[ 42%] [32mBuilding C object CMakeFiles/piplane.dir/home/taschnell/pico-sdk/src/rp2_common/hardware_timer/timer.c.obj[0m
[ 40%] [32mBuilding C object CMakeFiles/piplane.dir/home/taschnell/pico-sdk/src/rp2_common/hardware_gpio/gpio.c.obj[0m
[ 43%] [32mBuilding C object CMakeFiles/piplane.dir/home/taschnell/pico-sdk/src/common/pico_sync/mutex.c.obj[0m
[ 45%] [32mBuilding C object CMakeFiles/piplane.dir/home/taschnell/pico-sdk/src/common/pico_time/timeout_helper.c.obj[0m
[ 46%] [32mBuilding C object CMakeFiles/piplane.dir/home/taschnell/pico-sdk/src/rp2_common/hardware_claim/claim.c.obj[0m
[ 47%] [32mBuilding C object CMakeFiles/piplane.dir/home/taschnell/pico-sdk/src/common/pico_time/time.c.obj[0m
[ 49%] [32mBuilding C object CMakeFiles/piplane.dir/home/taschnell/pico-sdk/src/rp2_common/hardware_irq/irq.c.obj[0m
[ 50%] [32mBuilding C object CMakeFiles/piplane.dir/home/taschnell/pico-sdk/src/common/pico_util/pheap.c.obj[0m
[ 52%] [32mBuilding C object CMakeFiles/piplane.dir/home/taschnell/pico-sdk/src/common/pico_sync/sem.c.obj[0m
[ 53%] [32mBuilding C object CMakeFiles/piplane.dir/home/taschnell/pico-sdk/src/common/pico_util/datetime.c.obj[0m
[ 54%] [32mBuilding C object CMakeFiles/piplane.dir/home/taschnell/pico-sdk/src/common/pico_util/queue.c.obj[0m
In file included from [01m[K/home/taschnell/piplane-microros/src/piplane/dshot.c:1[m[K:
[01m[K/home/taschnell/piplane-microros/src/piplane/dshot.h:5:10:[m[K [01;31m[Kfatal error: [m[Kbool.h: No such file or directory
    5 | #include [01;31m[K<bool.h>[m[K
      |          [01;31m[K^~~~~~~~[m[K
compilation terminated.
gmake[2]: *** [CMakeFiles/piplane.dir/build.make:90: CMakeFiles/piplane.dir/dshot.c.obj] Error 1
gmake[2]: *** Waiting for unfinished jobs....
[01m[K/home/taschnell/piplane-microros/src/piplane/piplane.c:4:10:[m[K [01;31m[Kfatal error: [m[Krcl/rcl.h: No such file or directory
    4 | #include [01;31m[K<rcl/rcl.h>[m[K
      |          [01;31m[K^~~~~~~~~~~[m[K
compilation terminated.
gmake[2]: *** [CMakeFiles/piplane.dir/build.make:76: CMakeFiles/piplane.dir/piplane.c.obj] Error 1
[01m[K/home/taschnell/piplane-microros/src/piplane/pico_uart_transport.c:4:10:[m[K [01;31m[Kfatal error: [m[Kuxr/client/profile/transport/custom/custom_transport.h: No such file or directory
    4 | #include [01;31m[K<uxr/client/profile/transport/custom/custom_transport.h>[m[K
      |          [01;31m[K^~~~~~~~~~~~~~~~~~~~~~~~~~~~~~~~~~~~~~~~~~~~~~~~~~~~~~~~[m[K
compilation terminated.
In file included from [01m[K/home/taschnell/piplane-microros/src/piplane/pio_loader.c:1[m[K:
[01m[K/home/taschnell/piplane-microros/src/piplane/pio_loader.h:13:1:[m[K [01;31m[Kerror: [m[Kunknown type name '[01m[KPioProgram[m[K'; use '[01m[Kstruct[m[K' keyword to refer to the type
   13 | [01;31m[KPioProgram[m[K pio0_programs[MAX_PROGRAMS_PER_PIO];
      | [01;31m[K^~~~~~~~~~[m[K
      | [32m[Kstruct [m[K
[01m[K/home/taschnell/piplane-microros/src/piplane/pio_loader.h:13:12:[m[K [01;31m[Kerror: [m[Kvariably modified '[01m[Kpio0_programs[m[K' at file scope
   13 | PioProgram [01;31m[Kpio0_programs[m[K[MAX_PROGRAMS_PER_PIO];
      |            [01;31m[K^~~~~~~~~~~~~[m[K
gmake[2]: *** [CMakeFiles/piplane.dir/build.make:118: CMakeFiles/piplane.dir/pico_uart_transport.c.obj] Error 1
[01m[K/home/taschnell/piplane-microros/src/piplane/pio_loader.h:16:1:[m[K [01;31m[Kerror: [m[Kunknown type name '[01m[KPioProgram[m[K'; use '[01m[Kstruct[m[K' keyword to refer to the type
   16 | [01;31m[KPioProgram[m[K pio1_programs[MAX_PROGRAMS_PER_PIO];
      | [01;31m[K^~~~~~~~~~[m[K
      | [32m[Kstruct [m[K
[01m[K/home/taschnell/piplane-microros/src/piplane/pio_loader.h:16:12:[m[K [01;31m[Kerror: [m[Kvariably modified '[01m[Kpio1_programs[m[K' at file scope
   16 | PioProgram [01;31m[Kpio1_programs[m[K[MAX_PROGRAMS_PER_PIO];
      |            [01;31m[K^~~~~~~~~~~~~[m[K
[01m[K/home/taschnell/piplane-microros/src/piplane/pio_loader.c:[m[K In function '[01m[Kpio_loader_add_or_get_offset[m[K':
[01m[K/home/taschnell/piplane-microros/src/piplane/pio_loader.c:4:5:[m[K [01;31m[Kerror: [m[Kunknown type name '[01m[KPioProgram[m[K'; use '[01m[Kstruct[m[K' keyword to refer to the type
    4 |     [01;31m[KPioProgram[m[K* added_programs;
      |     [01;31m[K^~~~~~~~~~[m[K
      |     [32m[Kstruct [m[K
[01m[K/home/taschnell/piplane-microros/src/piplane/pio_loader.c:17:30:[m[K [01;31m[Kerror: [m[Krequest for member '[01m[Kprogram[m[K' in something not a structure or union
   17 |         if (added_programs[i][01;31m[K.[m[Kprogram == program) {
      |                              [01;31m[K^[m[K
[01m[K/home/taschnell/piplane-microros/src/piplane/pio_loader.c:18:40:[m[K [01;31m[Kerror: [m[Krequest for member '[01m[Koffset[m[K' in something not a structure or union
   18 |             *offset = added_programs[i][01;31m[K.[m[Koffset;
      |                                        [01;31m[K^[m[K
[01m[K/home/taschnell/piplane-microros/src/piplane/pio_loader.c:30:5:[m[K [01;31m[Kerror: [m[Kunknown type name '[01m[KPioProgram[m[K'; use '[01m[Kstruct[m[K' keyword to refer to the type
   30 |     [01;31m[KPioProgram[m[K* added_program = &added_programs[(*added_program_count)++];
      |     [01;31m[K^~~~~~~~~~[m[K
      |     [32m[Kstruct [m[K
[01m[K/home/taschnell/piplane-microros/src/piplane/pio_loader.c:31:18:[m[K [01;31m[Kerror: [m[Krequest for member '[01m[Kprogram[m[K' in something not a structure or union
   31 |     added_program[01;31m[K->[m[Kprogram = program;
      |                  [01;31m[K^~[m[K
[01m[K/home/taschnell/piplane-microros/src/piplane/pio_loader.c:32:18:[m[K [01;31m[Kerror: [m[Krequest for member '[01m[Koffset[m[K' in something not a structure or union
   32 |     added_program[01;31m[K->[m[Koffset = pio_add_program(pio, program);
      |                  [01;31m[K^~[m[K
[01m[K/home/taschnell/piplane-microros/src/piplane/pio_loader.c:34:28:[m[K [01;31m[Kerror: [m[Krequest for member '[01m[Koffset[m[K' in something not a structure or union
   34 |     *offset = added_program[01;31m[K->[m[Koffset;
      |                            [01;31m[K^~[m[K
gmake[2]: *** [CMakeFiles/piplane.dir/build.make:104: CMakeFiles/piplane.dir/pio_loader.c.obj] Error 1
gmake[1]: *** [CMakeFiles/Makefile2:1509: CMakeFiles/piplane.dir/all] Error 2
gmake[1]: *** Waiting for unfinished jobs....
[100%] [32m[1mLinking CXX executable pioasm[0m
[100%] Built target pioasm
[ 56%] [34m[1mNo install step for 'PioasmBuild'[0m
[ 57%] [34m[1mCompleted 'PioasmBuild'[0m
[ 57%] Built target PioasmBuild
gmake: *** [Makefile:91: all] Error 2
